<?xml version="1.0" encoding="UTF-8"?>
<!-- Generated by org.testng.reporters.JUnitXMLReporter -->
<testsuite ignored="0" hostname="LAPTOP-IQ6C4OPO" failures="0" tests="4" name="Test" time="37.832" errors="0" timestamp="2022-06-12T00:33:04 IST">
  <testcase classname="testpackage.TestActiTimeInvalidLogin" name="actitimeInvalidLogin" time="21.899"/>
  <testcase classname="testpackage.TestActitimeToGetSettingsDropdown" name="getAllTheDropdownsOfSettings" time="4.004"/>
  <testcase classname="testpackage.TestActiTimeValidLogin" name="actitimeValidLogin" time="0.202"/>
  <testcase classname="testpackage.TestActiTimeLogout" name="actitimeLogout" time="3.44"/>
</testsuite> <!-- Test -->
