<?xml version="1.0" encoding="UTF-8"?>
<testng-results ignored="0" total="1" passed="1" failed="0" skipped="0">
  <reporter-output>
    <line>
      <![CDATA[RS.66,700]]>
    </line>
  </reporter-output>
  <suite started-at="2022-07-07T17:49:08 IST" name="Default suite" finished-at="2022-07-07T17:49:22 IST" duration-ms="14110">
    <groups>
    </groups>
    <test started-at="2022-07-07T17:49:08 IST" name="Default test" finished-at="2022-07-07T17:49:22 IST" duration-ms="14110">
      <class name="assignment.New">
        <test-method signature="openBrowser()[pri:0, instance:assignment.New@11bd0f3b]" started-at="2022-07-07T17:49:08 IST" name="openBrowser" finished-at="2022-07-07T17:49:17 IST" duration-ms="9883" status="PASS">
          <reporter-output>
            <line>
              <![CDATA[RS.66,700]]>
            </line>
          </reporter-output>
        </test-method> <!-- openBrowser -->
        <test-method is-config="true" signature="tearDown()[pri:0, instance:assignment.New@11bd0f3b]" started-at="2022-07-07T17:49:17 IST" name="tearDown" finished-at="2022-07-07T17:49:22 IST" duration-ms="4185" status="PASS">
          <reporter-output>
          </reporter-output>
        </test-method> <!-- tearDown -->
      </class> <!-- assignment.New -->
    </test> <!-- Default test -->
  </suite> <!-- Default suite -->
</testng-results>
